\BOOKMARK [0][-]{section*.1}{\376\377\000M\000o\000d\000e\000l\000i\000r\000a\000n\000j\000e\000\040\000k\000r\000o\001\176\000n\000e\000\040\000t\000o\000p\000o\000l\000o\000g\000i\000j\000e\000\040\000P\0002\000P\000\040\000v\000\040\000o\000r\000o\000d\000j\000u\000\040\000O\000M\000N\000e\000T\000+\000+}{}% 1
\BOOKMARK [0][-]{section*.1}{\376\377\000S\000t\000e\000f\000a\000n\000\040\000J\000a\000k\000j\000o\000s\000k\000i\000,\000\040\000B\000r\000a\000n\000k\000o\000\040\000R\000a\000i\001\015\000k\000o\000v\000i\001\007\000,\000\040\000N\000i\000k\000\040\000J\000a\000n\000o\001\141\000\040\000i\000n\000\040\000T\000a\000d\000e\000j\000\040\000P\000a\000r\000i\001\141}{}% 2
\BOOKMARK [1][-]{section.1.1}{\376\377\000U\000v\000o\000d\000\040\000i\000n\000\040\000m\000o\000t\000i\000v\000a\000c\000i\000j\000a}{section*.1}% 3
\BOOKMARK [1][-]{section.1.2}{\376\377\000O\000p\000i\000s\000\040\000p\000r\000o\000t\000o\000k\000o\000l\000a}{section*.1}% 4
\BOOKMARK [1][-]{section.1.3}{\376\377\000U\000p\000o\000r\000a\000b\000l\000j\000e\000n\000e\000\040\000k\000n\000j\000i\001\176\000n\000i\000c\000e\000\040\000i\000n\000\040\000m\000o\000d\000u\000l\000i}{section*.1}% 5
\BOOKMARK [2][-]{subsection.1.3.1}{\376\377\000O\000s\000n\000o\000v\000n\000i\000\040\000m\000o\000d\000u\000l\000i}{section.1.3}% 6
\BOOKMARK [2][-]{subsection.1.3.2}{\376\377\000S\000i\000g\000n\000a\000l\000i\000\040\000i\000n\000\040\000s\000t\000a\000t\000i\000s\000t\000i\000k\000a}{section.1.3}% 7
\BOOKMARK [2][-]{subsection.1.3.3}{\376\377\000N\000E\000D\000\040\000j\000e\000z\000i\000k}{section.1.3}% 8
\BOOKMARK [1][-]{section.1.4}{\376\377\000R\000e\001\141\000i\000t\000e\000v}{section*.1}% 9
\BOOKMARK [2][-]{subsection.1.4.1}{\376\377\000S\000t\000r\000u\000k\000t\000u\000r\000a\000\040\000o\000m\000r\000e\001\176\000j\000a}{section.1.4}% 10
\BOOKMARK [2][-]{subsection.1.4.2}{\376\377\000D\000e\000f\000i\000n\000i\000c\000i\000j\000a\000\040\000o\000m\000r\000e\001\176\000j\000a\000\040\000v\000\040\000N\000E\000D\000\040\000j\000e\000z\000i\000k\000u}{section.1.4}% 11
\BOOKMARK [2][-]{subsection.1.4.3}{\376\377\000I\000m\000p\000l\000e\000m\000e\000n\000t\000a\000c\000i\000j\000a\000\040\000v\000o\000z\000l\000i\001\141\001\015\000a}{section.1.4}% 12
\BOOKMARK [1][-]{section.1.5}{\376\377\000S\000i\000m\000u\000l\000a\000c\000i\000j\000e\000\040\000i\000n\000\040\000r\000e\000z\000u\000l\000t\000a\000t\000i}{section*.1}% 13
\BOOKMARK [2][-]{subsection.1.5.1}{\376\377\000P\000a\000r\000a\000m\000e\000t\000r\000i\000\040\000s\000i\000m\000u\000l\000a\000c\000i\000j\000e}{section.1.5}% 14
\BOOKMARK [2][-]{subsection.1.5.2}{\376\377\000K\000o\000n\000f\000i\000g\000u\000r\000a\000c\000i\000j\000e\000\040\000o\000b\000r\000e\000m\000e\000n\000i\000t\000v\000e}{section.1.5}% 15
\BOOKMARK [2][-]{subsection.1.5.3}{\376\377\000A\000n\000a\000l\000i\000z\000a\000\040\000p\000o\000v\000p\000r\000e\001\015\000n\000e\000g\000a\000\040\001\015\000a\000s\000a\000\040\000p\000o\000t\000o\000v\000a\000n\000j\000a\000\040\000p\000a\000k\000e\000t\000a}{section.1.5}% 16
\BOOKMARK [2][-]{subsection.1.5.4}{\376\377\000A\000n\000a\000l\000i\000z\000a\000\040\000i\000z\000g\000u\000b\000l\000j\000e\000n\000i\000h\000\040\000p\000a\000k\000e\000t\000o\000v}{section.1.5}% 17
\BOOKMARK [2][-]{subsection.1.5.5}{\376\377\000A\000n\000a\000l\000i\000z\000a\000\040\000z\000a\000s\000e\000d\000e\000n\000o\000s\000t\000i\000\040\001\015\000a\000k\000a\000l\000n\000i\000h\000\040\000v\000r\000s\000t}{section.1.5}% 18
\BOOKMARK [2][-]{subsection.1.5.6}{\376\377\000D\000o\000l\000o\001\015\000i\000t\000e\000v\000\040\000o\000p\000t\000i\000m\000a\000l\000n\000e\000\040\000k\000a\000p\000a\000c\000i\000t\000e\000t\000e\000\040\000p\000o\000v\000e\000z\000a\000v}{section.1.5}% 19
\BOOKMARK [2][-]{subsection.1.5.7}{\376\377\000P\000o\000v\000z\000e\000t\000e\000k\000\040\000r\000e\000z\000u\000l\000t\000a\000t\000o\000v}{section.1.5}% 20
\BOOKMARK [1][-]{section.1.6}{\376\377\000Z\000a\000k\000l\000j\000u\001\015\000e\000k}{section*.1}% 21
\BOOKMARK [2][-]{subsection.1.6.1}{\376\377\000M\000o\001\176\000n\000e\000\040\000n\000a\000d\000g\000r\000a\000d\000n\000j\000e}{section.1.6}% 22
\BOOKMARK [1][-]{section*.17}{\376\377\000L\000i\000t\000e\000r\000a\000t\000u\000r\000a}{section*.1}% 23
